81.8752 	DEBUG 	Fullscreen settings ignored as running in pilot mode.
81.8759 	INFO 	Loaded monitor calibration from ['2024_07_12 13:09']
82.0167 	EXP 	Created window1 = Window(allowGUI=True, allowStencil=False, autoLog=True, backendConf=UNKNOWN, backgroundFit=<method-wrapper '__getattribute__' of attributeSetter object at 0x000001E50427F340>, backgroundImage=<method-wrapper '__getattribute__' of attributeSetter object at 0x000001E50427F2E0>, bitsMode=UNKNOWN, blendMode='avg', bpc=(8, 8, 8), color=array([0, 0, 0]), colorSpace='rgb', depthBits=8, fullscr=<method-wrapper '__getattribute__' of attributeSetter object at 0x000001E50427F130>, gamma=None, gammaErrorPolicy='raise', infoMsg=UNKNOWN, lms=UNKNOWN, monitor=<psychopy.monitors.calibTools.Monitor object at 0x000001E504642280>, multiSample=False, name='window1', numSamples=2, pos=[560.0, 240.0], screen=0, size=array([800, 600]), stencilBits=0, stereo=False, title='PsychoPy', units='height', useFBO=True, useRetina=False, viewOri=0.0, viewPos=None, viewScale=None, waitBlanking=True, winType='pyglet')
82.0167 	EXP 	window1: backgroundImage = ''
82.0167 	EXP 	window1: backgroundFit = 'none'
82.0169 	EXP 	window1: mouseVisible = <method-wrapper '__getattribute__' of attributeSetter object at 0x000001E50427F460>
82.0171 	EXP 	window1: mouseVisible = <method-wrapper '__getattribute__' of attributeSetter object at 0x000001E50427F460>
82.0185 	EXP 	window1: mouseVisible = <method-wrapper '__getattribute__' of attributeSetter object at 0x000001E50427F460>
82.0189 	EXP 	window1: mouseVisible = <method-wrapper '__getattribute__' of attributeSetter object at 0x000001E50427F460>
82.0226 	DEBUG 	TextBox2 loaded 1 chars with 0 blanks and 1 valid
82.0237 	DEBUG 	TextBox2 loaded 1 chars with 0 blanks and 1 valid
82.0246 	DEBUG 	TextBox2 loaded 1 chars with 0 blanks and 1 valid
82.0257 	DEBUG 	TextBox2 loaded 1 chars with 0 blanks and 1 valid
82.0267 	DEBUG 	TextBox2 loaded 1 chars with 0 blanks and 1 valid
82.0273 	DEBUG 	TextBox2 loaded 1 chars with 0 blanks and 1 valid
82.0281 	DEBUG 	TextBox2 loaded 1 chars with 0 blanks and 1 valid
82.0291 	DEBUG 	TextBox2 loaded 1 chars with 0 blanks and 1 valid
82.0297 	DEBUG 	TextBox2 loaded 1 chars with 0 blanks and 1 valid
82.0302 	DEBUG 	TextBox2 loaded 1 chars with 0 blanks and 1 valid
82.0310 	DEBUG 	TextBox2 loaded 1 chars with 0 blanks and 1 valid
82.0318 	DEBUG 	TextBox2 loaded 1 chars with 0 blanks and 1 valid
82.0326 	DEBUG 	TextBox2 loaded 1 chars with 0 blanks and 1 valid
82.0335 	DEBUG 	TextBox2 loaded 1 chars with 0 blanks and 1 valid
82.0343 	DEBUG 	TextBox2 loaded 1 chars with 0 blanks and 1 valid
82.0352 	DEBUG 	TextBox2 loaded 1 chars with 0 blanks and 1 valid
82.0361 	DEBUG 	TextBox2 loaded 1 chars with 0 blanks and 1 valid
82.0368 	DEBUG 	TextBox2 loaded 1 chars with 0 blanks and 1 valid
82.0375 	DEBUG 	TextBox2 loaded 1 chars with 0 blanks and 1 valid
82.0384 	DEBUG 	TextBox2 loaded 1 chars with 0 blanks and 1 valid
82.0391 	DEBUG 	TextBox2 loaded 1 chars with 0 blanks and 1 valid
82.0394 	DEBUG 	Uploading Texture Font fontname to graphics card
82.0430 	DEBUG 	Upload of Texture Font fontname complete
82.0440 	EXP 	window1: mouseVisible = <method-wrapper '__getattribute__' of attributeSetter object at 0x000001E50427F460>
82.0441 	EXP 	window1: mouseVisible = <method-wrapper '__getattribute__' of attributeSetter object at 0x000001E50427F460>
82.0462 	EXP 	window1: mouseVisible = <method-wrapper '__getattribute__' of attributeSetter object at 0x000001E50427F460>
82.0468 	EXP 	window1: mouseVisible = <method-wrapper '__getattribute__' of attributeSetter object at 0x000001E50427F460>
82.0510 	DEBUG 	TextBox2 loaded 1 chars with 0 blanks and 1 valid
82.0521 	DEBUG 	TextBox2 loaded 1 chars with 0 blanks and 1 valid
82.0532 	DEBUG 	TextBox2 loaded 1 chars with 0 blanks and 1 valid
82.0535 	DEBUG 	Uploading Texture Font fontname to graphics card
82.0567 	DEBUG 	Upload of Texture Font fontname complete
82.0580 	EXP 	window1: Attempting to measure frame rate of screen (0) ...
82.0581 	EXP 	window1: recordFrameIntervals = False
82.1700 	EXP 	window1: recordFrameIntervals = True
82.2778 	EXP 	Screen (0) actual frame rate measured at 143.62Hz
82.2779 	EXP 	window1: recordFrameIntervals = False
82.2780 	EXP 	window1: mouseVisible = False
82.2782 	EXP 	window1: mouseVisible = False
82.2783 	EXP 	window1: mouseVisible = False
82.2786 	EXP 	window1: mouseVisible = False
82.2789 	EXP 	window1: mouseVisible = False
82.2821 	DEBUG 	TextBox2 loaded 1 chars with 0 blanks and 1 valid
82.2829 	DEBUG 	TextBox2 loaded 1 chars with 0 blanks and 1 valid
82.2839 	DEBUG 	TextBox2 loaded 1 chars with 0 blanks and 1 valid
82.2849 	DEBUG 	TextBox2 loaded 1 chars with 0 blanks and 1 valid
82.2858 	DEBUG 	TextBox2 loaded 1 chars with 0 blanks and 1 valid
82.2867 	DEBUG 	TextBox2 loaded 1 chars with 0 blanks and 1 valid
82.2874 	DEBUG 	TextBox2 loaded 1 chars with 0 blanks and 1 valid
82.2882 	DEBUG 	TextBox2 loaded 1 chars with 0 blanks and 1 valid
82.2892 	DEBUG 	TextBox2 loaded 1 chars with 0 blanks and 1 valid
82.2901 	DEBUG 	TextBox2 loaded 1 chars with 0 blanks and 1 valid
82.2903 	DEBUG 	Uploading Texture Font fontname to graphics card
82.2907 	DEBUG 	Upload of Texture Font fontname complete
82.2917 	EXP 	window1: mouseVisible = False
82.2918 	EXP 	window1: mouseVisible = False
82.2921 	EXP 	window1: mouseVisible = False
82.2924 	EXP 	window1: mouseVisible = False
82.3056 	WARNING 	launchHubServer: If using the iohub mouse or eyetracker devices, fullScr should be True.
84.6148 	INFO 	keyboard.Keyboard is using iohub backend.
84.6148 	INFO 	keyboard.Keyboard is using iohub backend.
84.6149 	INFO 	keyboard.Keyboard is using iohub backend.
84.6149 	EXP 	untitled: status = STARTED
84.6150 	EXP 	window1: mouseVisible = False
84.6511 	EXP 	Created intro1 = TextStim(__class__=<class 'psychopy.visual.text.TextStim'>, alignHoriz=method-wrapper(...), alignText='center', alignVert=method-wrapper(...), anchorHoriz='center', anchorVert='center', antialias=True, autoDraw=False, autoLog=True, bold=False, color=array([-1., -1., -1.]), colorSpace='rgb', contrast=1.0, depth=0.0, draggable=False, flipHoriz=False, flipVert=False, font='Arial', fontFiles=[], height=0.05, italic=False, languageStyle='LTR', name='intro1', opacity=1.0, ori=0.0, pos=array([0., 0.]), rgb=UNKNOWN, text='你好，欢迎参加实验！\n请按空格继续。', units='height', win=Window(...), wrapWidth=1)
84.6511 	EXP 	window1: mouseVisible = False
84.6700 	EXP 	Created text = TextStim(__class__=<class 'psychopy.visual.text.TextStim'>, alignHoriz=method-wrapper(...), alignText='center', alignVert=method-wrapper(...), anchorHoriz='center', anchorVert='center', antialias=True, autoDraw=False, autoLog=True, bold=False, color=array([-1., -1., -1.]), colorSpace='rgb', contrast=1.0, depth=-1.0, draggable=False, flipHoriz=False, flipVert=False, font='Arial', fontFiles=[], height=0.05, italic=False, languageStyle='LTR', name='text', opacity=1.0, ori=0.0, pos=array([0., 0.]), rgb=UNKNOWN, text=str(...), units='height', win=Window(...), wrapWidth=1)
84.6701 	EXP 	window1: mouseVisible = False
84.6714 	EXP 	Created polygon_4 = ShapeStim(__class__=<class 'psychopy.visual.shape.ShapeStim'>, anchor=('center', 'center'), autoDraw=False, autoLog=True, closeShape=True, color=method-wrapper(...), colorSpace='rgb', contrast=None, depth=0.0, draggable=False, fillColor=array([-1., -1., -1.]), fillColorSpace='rgb', fillRGB=array([-1., -1., -1.]), interpolate=True, lineColor=array([-1., -1., -1.]), lineColorSpace='rgb', lineRGB=array([-1., -1., -1.]), lineWidth=1.0, name='polygon_4', opacity=1.0, ori=0.0, pos=array([0., 0.]), size=array([0.05, 0.05]), units='height', vertices=ndarray(...), win=Window(...), windingRule=None)
84.6714 	EXP 	window1: mouseVisible = False
84.6723 	EXP 	Created text_2 = TextStim(__class__=<class 'psychopy.visual.text.TextStim'>, alignHoriz=method-wrapper(...), alignText='center', alignVert=method-wrapper(...), anchorHoriz='center', anchorVert='center', antialias=True, autoDraw=False, autoLog=True, bold=False, color=array([1., 1., 1.]), colorSpace='rgb', contrast=1.0, depth=-1.0, draggable=False, flipHoriz=False, flipVert=False, font='Arial', fontFiles=[], height=0.05, italic=False, languageStyle='LTR', name='text_2', opacity=1.0, ori=0.0, pos=array([0., 0.]), rgb=UNKNOWN, text='', units='height', win=Window(...), wrapWidth=1)
84.6724 	EXP 	window1: mouseVisible = False
84.6740 	EXP 	Created polygon = ShapeStim(__class__=<class 'psychopy.visual.shape.ShapeStim'>, anchor=('center', 'center'), autoDraw=False, autoLog=True, closeShape=True, color=method-wrapper(...), colorSpace='rgb', contrast=None, depth=0.0, draggable=False, fillColor=array([ 0.2941, -0.6706, -0.6706]), fillColorSpace='rgb', fillRGB=array([ 0.2941, -0.6706, -0.6706]), interpolate=True, lineColor=array([ 0.2941, -0.6706, -0.6706]), lineColorSpace='rgb', lineRGB=array([ 0.2941, -0.6706, -0.6706]), lineWidth=1.0, name='polygon', opacity=1.0, ori=0.0, pos=array([0., 0.]), size=array([0.5, 0.5]), units='height', vertices=ndarray(...), win=Window(...), windingRule=None)
0.0465 	INFO 	Keyboard events cleared
0.0462 	EXP 	intro1: autoDraw = True
2.5408 	INFO 	Keyboard events cleared
2.5406 	EXP 	intro1: autoDraw = False
2.5406 	EXP 	text: autoDraw = True
3.1582 	DEBUG 	Read excel file with openpyxl: text.xlsx
3.1585 	EXP 	Imported text.xlsx as conditions, 10 conditions, 3 params
3.1588 	EXP 	Created sequence: random, trialTypes=10, nReps=1, seed=None
3.1590 	EXP 	New trial (rep=0, index=0): {'circle_color': 'red', 'answer_correct': 'j', 'need_action': 1}
3.1652 	EXP 	text: autoDraw = False
3.1652 	EXP 	polygon_4: autoDraw = True
3.6607 	EXP 	polygon_4: autoDraw = False
3.6607 	EXP 	text_2: autoDraw = True
5.6519 	EXP 	text_2: autoDraw = False
5.6519 	EXP 	text_2: autoDraw = False
5.6519 	EXP 	polygon: autoDraw = True
6.6397 	EXP 	New trial (rep=0, index=1): {'circle_color': 'blue', 'answer_correct': 'f', 'need_action': 0}
6.6447 	EXP 	polygon: autoDraw = False
6.6447 	EXP 	polygon: autoDraw = False
6.6447 	EXP 	polygon_4: autoDraw = True
7.1379 	EXP 	polygon_4: autoDraw = False
7.1379 	EXP 	polygon_4: autoDraw = False
7.1379 	EXP 	text_2: autoDraw = True
9.1320 	EXP 	text_2: autoDraw = False
9.1320 	EXP 	text_2: autoDraw = False
9.1320 	EXP 	polygon: autoDraw = True
10.1191 	EXP 	New trial (rep=0, index=2): {'circle_color': 'red', 'answer_correct': 'j', 'need_action': 1}
10.1241 	EXP 	polygon: autoDraw = False
10.1241 	EXP 	polygon: autoDraw = False
10.1241 	EXP 	polygon_4: autoDraw = True
10.6172 	EXP 	polygon_4: autoDraw = False
10.6172 	EXP 	polygon_4: autoDraw = False
10.6172 	EXP 	text_2: autoDraw = True
13.3214 	EXP 	untitled: status = STOPPED
13.3255 	EXP 	text_2: autoDraw = False
13.3268 	EXP 	untitled: status = STOPPED
13.3289 	INFO 	saved data to 'C:\\Users\\Administrator\\Desktop\\李城林\\ABC_Reaction\\data/708995_untitled_2024-10-21_20h49.19.918.csv'
13.3296 	INFO 	saved data to C:\Users\Administrator\Desktop\李城林\ABC_Reaction\data/708995_untitled_2024-10-21_20h49.19.918.psydat
13.3436 	EXP 	window1: mouseVisible = True
13.9006 	DEBUG 	Saving data for untitled ExperimentHandler
