5.2685 	DEBUG 	Fullscreen settings ignored as running in pilot mode.
5.2693 	INFO 	Loaded monitor calibration from ['2024_07_12 13:09']
5.4084 	EXP 	Created window1 = Window(allowGUI=True, allowStencil=False, autoLog=True, backendConf=UNKNOWN, backgroundFit=<method-wrapper '__getattribute__' of attributeSetter object at 0x0000021DB63E30D0>, backgroundImage=<method-wrapper '__getattribute__' of attributeSetter object at 0x0000021DB63E3070>, bitsMode=UNKNOWN, blendMode='avg', bpc=(8, 8, 8), color=array([0, 0, 0]), colorSpace='rgb', depthBits=8, fullscr=<method-wrapper '__getattribute__' of attributeSetter object at 0x0000021DB63DEE80>, gamma=None, gammaErrorPolicy='raise', infoMsg=UNKNOWN, lms=UNKNOWN, monitor=<psychopy.monitors.calibTools.Monitor object at 0x0000021DB67AFFD0>, multiSample=False, name='window1', numSamples=2, pos=[560.0, 240.0], screen=0, size=array([800, 600]), stencilBits=0, stereo=False, title='PsychoPy', units='height', useFBO=True, useRetina=False, viewOri=0.0, viewPos=None, viewScale=None, waitBlanking=True, winType='pyglet')
5.4084 	EXP 	window1: backgroundImage = ''
5.4084 	EXP 	window1: backgroundFit = 'none'
5.4086 	EXP 	window1: mouseVisible = <method-wrapper '__getattribute__' of attributeSetter object at 0x0000021DB63E31F0>
5.4087 	EXP 	window1: mouseVisible = <method-wrapper '__getattribute__' of attributeSetter object at 0x0000021DB63E31F0>
5.4104 	EXP 	window1: mouseVisible = <method-wrapper '__getattribute__' of attributeSetter object at 0x0000021DB63E31F0>
5.4108 	EXP 	window1: mouseVisible = <method-wrapper '__getattribute__' of attributeSetter object at 0x0000021DB63E31F0>
5.4150 	DEBUG 	TextBox2 loaded 1 chars with 0 blanks and 1 valid
5.4160 	DEBUG 	TextBox2 loaded 1 chars with 0 blanks and 1 valid
5.4170 	DEBUG 	TextBox2 loaded 1 chars with 0 blanks and 1 valid
5.4179 	DEBUG 	TextBox2 loaded 1 chars with 0 blanks and 1 valid
5.4188 	DEBUG 	TextBox2 loaded 1 chars with 0 blanks and 1 valid
5.4194 	DEBUG 	TextBox2 loaded 1 chars with 0 blanks and 1 valid
5.4202 	DEBUG 	TextBox2 loaded 1 chars with 0 blanks and 1 valid
5.4211 	DEBUG 	TextBox2 loaded 1 chars with 0 blanks and 1 valid
5.4217 	DEBUG 	TextBox2 loaded 1 chars with 0 blanks and 1 valid
5.4223 	DEBUG 	TextBox2 loaded 1 chars with 0 blanks and 1 valid
5.4232 	DEBUG 	TextBox2 loaded 1 chars with 0 blanks and 1 valid
5.4240 	DEBUG 	TextBox2 loaded 1 chars with 0 blanks and 1 valid
5.4247 	DEBUG 	TextBox2 loaded 1 chars with 0 blanks and 1 valid
5.4255 	DEBUG 	TextBox2 loaded 1 chars with 0 blanks and 1 valid
5.4263 	DEBUG 	TextBox2 loaded 1 chars with 0 blanks and 1 valid
5.4271 	DEBUG 	TextBox2 loaded 1 chars with 0 blanks and 1 valid
5.4279 	DEBUG 	TextBox2 loaded 1 chars with 0 blanks and 1 valid
5.4286 	DEBUG 	TextBox2 loaded 1 chars with 0 blanks and 1 valid
5.4292 	DEBUG 	TextBox2 loaded 1 chars with 0 blanks and 1 valid
5.4303 	DEBUG 	TextBox2 loaded 1 chars with 0 blanks and 1 valid
5.4313 	DEBUG 	TextBox2 loaded 1 chars with 0 blanks and 1 valid
5.4316 	DEBUG 	Uploading Texture Font fontname to graphics card
5.4355 	DEBUG 	Upload of Texture Font fontname complete
5.4365 	EXP 	window1: mouseVisible = <method-wrapper '__getattribute__' of attributeSetter object at 0x0000021DB63E31F0>
5.4366 	EXP 	window1: mouseVisible = <method-wrapper '__getattribute__' of attributeSetter object at 0x0000021DB63E31F0>
5.4372 	EXP 	window1: mouseVisible = <method-wrapper '__getattribute__' of attributeSetter object at 0x0000021DB63E31F0>
5.4376 	EXP 	window1: mouseVisible = <method-wrapper '__getattribute__' of attributeSetter object at 0x0000021DB63E31F0>
5.4422 	DEBUG 	TextBox2 loaded 1 chars with 0 blanks and 1 valid
5.4432 	DEBUG 	TextBox2 loaded 1 chars with 0 blanks and 1 valid
5.4443 	DEBUG 	TextBox2 loaded 1 chars with 0 blanks and 1 valid
5.4445 	DEBUG 	Uploading Texture Font fontname to graphics card
5.4473 	DEBUG 	Upload of Texture Font fontname complete
5.4489 	EXP 	window1: Attempting to measure frame rate of screen (0) ...
5.4489 	EXP 	window1: recordFrameIntervals = False
5.5610 	EXP 	window1: recordFrameIntervals = True
5.6620 	EXP 	Screen (0) actual frame rate measured at 148.41Hz
5.6620 	EXP 	window1: recordFrameIntervals = False
5.6621 	EXP 	window1: mouseVisible = False
5.6624 	EXP 	window1: mouseVisible = False
5.6625 	EXP 	window1: mouseVisible = False
5.6629 	EXP 	window1: mouseVisible = False
5.6632 	EXP 	window1: mouseVisible = False
5.6671 	DEBUG 	TextBox2 loaded 1 chars with 0 blanks and 1 valid
5.6679 	DEBUG 	TextBox2 loaded 1 chars with 0 blanks and 1 valid
5.6687 	DEBUG 	TextBox2 loaded 1 chars with 0 blanks and 1 valid
5.6697 	DEBUG 	TextBox2 loaded 1 chars with 0 blanks and 1 valid
5.6707 	DEBUG 	TextBox2 loaded 1 chars with 0 blanks and 1 valid
5.6718 	DEBUG 	TextBox2 loaded 1 chars with 0 blanks and 1 valid
5.6724 	DEBUG 	TextBox2 loaded 1 chars with 0 blanks and 1 valid
5.6734 	DEBUG 	TextBox2 loaded 1 chars with 0 blanks and 1 valid
5.6745 	DEBUG 	TextBox2 loaded 1 chars with 0 blanks and 1 valid
5.6754 	DEBUG 	TextBox2 loaded 1 chars with 0 blanks and 1 valid
5.6756 	DEBUG 	Uploading Texture Font fontname to graphics card
5.6760 	DEBUG 	Upload of Texture Font fontname complete
5.6771 	EXP 	window1: mouseVisible = False
5.6771 	EXP 	window1: mouseVisible = False
5.6775 	EXP 	window1: mouseVisible = False
5.6779 	EXP 	window1: mouseVisible = False
5.6924 	WARNING 	launchHubServer: If using the iohub mouse or eyetracker devices, fullScr should be True.
7.9213 	INFO 	keyboard.Keyboard is using iohub backend.
7.9213 	INFO 	keyboard.Keyboard is using iohub backend.
7.9214 	INFO 	keyboard.Keyboard is using iohub backend.
7.9214 	EXP 	untitled: status = STARTED
7.9215 	EXP 	window1: mouseVisible = False
7.9582 	EXP 	Created intro1 = TextStim(__class__=<class 'psychopy.visual.text.TextStim'>, alignHoriz=method-wrapper(...), alignText='center', alignVert=method-wrapper(...), anchorHoriz='center', anchorVert='center', antialias=True, autoDraw=False, autoLog=True, bold=False, color=array([-1., -1., -1.]), colorSpace='rgb', contrast=1.0, depth=0.0, draggable=False, flipHoriz=False, flipVert=False, font='Arial', fontFiles=[], height=0.05, italic=False, languageStyle='LTR', name='intro1', opacity=1.0, ori=0.0, pos=array([0., 0.]), rgb=UNKNOWN, text='你好，欢迎参加实验！\n请按空格继续。', units='height', win=Window(...), wrapWidth=1)
7.9582 	EXP 	window1: mouseVisible = False
7.9795 	EXP 	Created text = TextStim(__class__=<class 'psychopy.visual.text.TextStim'>, alignHoriz=method-wrapper(...), alignText='center', alignVert=method-wrapper(...), anchorHoriz='center', anchorVert='center', antialias=True, autoDraw=False, autoLog=True, bold=False, color=array([-1., -1., -1.]), colorSpace='rgb', contrast=1.0, depth=-1.0, draggable=False, flipHoriz=False, flipVert=False, font='Arial', fontFiles=[], height=0.05, italic=False, languageStyle='LTR', name='text', opacity=1.0, ori=0.0, pos=array([0., 0.]), rgb=UNKNOWN, text=str(...), units='height', win=Window(...), wrapWidth=1)
7.9796 	EXP 	window1: mouseVisible = False
7.9806 	EXP 	Created polygon_4 = ShapeStim(__class__=<class 'psychopy.visual.shape.ShapeStim'>, anchor=('center', 'center'), autoDraw=False, autoLog=True, closeShape=True, color=method-wrapper(...), colorSpace='rgb', contrast=None, depth=-1.0, draggable=False, fillColor=array([-1., -1., -1.]), fillColorSpace='rgb', fillRGB=array([-1., -1., -1.]), interpolate=True, lineColor=array([-1., -1., -1.]), lineColorSpace='rgb', lineRGB=array([-1., -1., -1.]), lineWidth=1.0, name='polygon_4', opacity=1.0, ori=0.0, pos=array([0., 0.]), size=array([0.05, 0.05]), units='height', vertices=ndarray(...), win=Window(...), windingRule=None)
7.9806 	EXP 	window1: mouseVisible = False
7.9816 	EXP 	Created text_2 = TextStim(__class__=<class 'psychopy.visual.text.TextStim'>, alignHoriz=method-wrapper(...), alignText='center', alignVert=method-wrapper(...), anchorHoriz='center', anchorVert='center', antialias=True, autoDraw=False, autoLog=True, bold=False, color=array([1., 1., 1.]), colorSpace='rgb', contrast=1.0, depth=0.0, draggable=False, flipHoriz=False, flipVert=False, font='Arial', fontFiles=[], height=0.05, italic=False, languageStyle='LTR', name='text_2', opacity=1.0, ori=0.0, pos=array([0., 0.]), rgb=UNKNOWN, text='', units='height', win=Window(...), wrapWidth=1)
7.9817 	EXP 	window1: mouseVisible = False
7.9835 	EXP 	Created polygon = ShapeStim(__class__=<class 'psychopy.visual.shape.ShapeStim'>, anchor=('center', 'center'), autoDraw=False, autoLog=True, closeShape=True, color=method-wrapper(...), colorSpace='rgb', contrast=None, depth=0.0, draggable=False, fillColor=array([1, 1, 1]), fillColorSpace='rgb', fillRGB=array([1, 1, 1]), interpolate=True, lineColor=array([1., 1., 1.]), lineColorSpace='rgb', lineRGB=array([1, 1, 1]), lineWidth=1.0, name='polygon', opacity=1.0, ori=0.0, pos=array([0., 0.]), size=array([0.1, 0.1]), units='height', vertices=ndarray(...), win=Window(...), windingRule=None)
0.0331 	INFO 	Keyboard events cleared
0.0327 	EXP 	intro1: autoDraw = True
1.7608 	DATA 	Mouse: Left button down, pos=(538,204)
1.8221 	DATA 	Mouse:  Left button up, pos=(538,204)
2.6633 	INFO 	Keyboard events cleared
2.6631 	EXP 	intro1: autoDraw = False
2.6631 	EXP 	text: autoDraw = True
2.6734 	DATA 	Keypress: space
3.0855 	DEBUG 	Read excel file with openpyxl: text.xlsx
3.0858 	EXP 	Imported text.xlsx as conditions, 10 conditions, 3 params
3.0862 	EXP 	Created sequence: random, trialTypes=10, nReps=1, seed=None
3.0863 	EXP 	New trial (rep=0, index=0): {'circle_color': 'red', 'answer_correct': 'j', 'need_action': 1}
3.0938 	EXP 	text: autoDraw = False
3.0938 	EXP 	polygon_4: autoDraw = True
3.0956 	DATA 	Keypress: space
6.0876 	EXP 	polygon_4: autoDraw = False
6.0876 	EXP 	polygon_4: autoDraw = False
6.0876 	EXP 	text_2: autoDraw = True
6.4834 	EXP 	text_2: autoDraw = False
6.4834 	EXP 	text_2: autoDraw = False
6.4834 	EXP 	polygon: fillColor = <psychopy.colors.Color: red, alpha=1.0>
6.4834 	EXP 	polygon: borderColor = <psychopy.colors.Color: red, alpha=1.0>
6.4834 	EXP 	polygon: autoDraw = True
9.4710 	EXP 	New trial (rep=0, index=1): {'circle_color': 'blue', 'answer_correct': 'f', 'need_action': 0}
9.4765 	EXP 	polygon: autoDraw = False
9.4765 	EXP 	polygon: autoDraw = False
9.4765 	EXP 	polygon_4: autoDraw = True
11.4694 	EXP 	polygon_4: autoDraw = False
11.4694 	EXP 	polygon_4: autoDraw = False
11.4694 	EXP 	text_2: autoDraw = True
11.8584 	EXP 	text_2: autoDraw = False
11.8584 	EXP 	text_2: autoDraw = False
11.8584 	EXP 	polygon: fillColor = <psychopy.colors.Color: blue, alpha=1.0>
11.8584 	EXP 	polygon: borderColor = <psychopy.colors.Color: blue, alpha=1.0>
11.8584 	EXP 	polygon: autoDraw = True
14.8465 	EXP 	New trial (rep=0, index=2): {'circle_color': 'blue', 'answer_correct': 'f', 'need_action': 0}
14.8515 	EXP 	polygon: autoDraw = False
14.8515 	EXP 	polygon: autoDraw = False
14.8584 	EXP 	polygon_4: autoDraw = True
15.0754 	DATA 	Keypress: escape
15.1446 	EXP 	untitled: status = STOPPED
15.1500 	EXP 	polygon_4: autoDraw = False
15.1514 	EXP 	untitled: status = STOPPED
15.1533 	INFO 	saved data to 'C:\\Users\\Administrator\\Desktop\\李城林\\ABC_Reaction\\data/832839_untitled_2024-10-21_20h59.01.586.csv'
15.1538 	INFO 	saved data to C:\Users\Administrator\Desktop\李城林\ABC_Reaction\data/832839_untitled_2024-10-21_20h59.01.586.psydat
15.1813 	EXP 	window1: mouseVisible = True
15.4311 	DEBUG 	Saving data for untitled ExperimentHandler
