4.7881 	DEBUG 	Fullscreen settings ignored as running in pilot mode.
4.7889 	INFO 	Loaded monitor calibration from ['2024_07_12 13:09']
4.9305 	EXP 	Created window1 = Window(allowGUI=True, allowStencil=False, autoLog=True, backendConf=UNKNOWN, backgroundFit=<method-wrapper '__getattribute__' of attributeSetter object at 0x0000017CC1C5D670>, backgroundImage=<method-wrapper '__getattribute__' of attributeSetter object at 0x0000017CC1C5D610>, bitsMode=UNKNOWN, blendMode='avg', bpc=(8, 8, 8), color=array([0, 0, 0]), colorSpace='rgb', depthBits=8, fullscr=<method-wrapper '__getattribute__' of attributeSetter object at 0x0000017CC1C5D460>, gamma=None, gammaErrorPolicy='raise', infoMsg=UNKNOWN, lms=UNKNOWN, monitor=<psychopy.monitors.calibTools.Monitor object at 0x0000017CC20325B0>, multiSample=False, name='window1', numSamples=2, pos=[560.0, 240.0], screen=0, size=array([800, 600]), stencilBits=0, stereo=False, title='PsychoPy', units='height', useFBO=True, useRetina=False, viewOri=0.0, viewPos=None, viewScale=None, waitBlanking=True, winType='pyglet')
4.9305 	EXP 	window1: backgroundImage = ''
4.9306 	EXP 	window1: backgroundFit = 'none'
4.9307 	EXP 	window1: mouseVisible = <method-wrapper '__getattribute__' of attributeSetter object at 0x0000017CC1C5D790>
4.9309 	EXP 	window1: mouseVisible = <method-wrapper '__getattribute__' of attributeSetter object at 0x0000017CC1C5D790>
4.9323 	EXP 	window1: mouseVisible = <method-wrapper '__getattribute__' of attributeSetter object at 0x0000017CC1C5D790>
4.9327 	EXP 	window1: mouseVisible = <method-wrapper '__getattribute__' of attributeSetter object at 0x0000017CC1C5D790>
4.9365 	DEBUG 	TextBox2 loaded 1 chars with 0 blanks and 1 valid
4.9374 	DEBUG 	TextBox2 loaded 1 chars with 0 blanks and 1 valid
4.9383 	DEBUG 	TextBox2 loaded 1 chars with 0 blanks and 1 valid
4.9392 	DEBUG 	TextBox2 loaded 1 chars with 0 blanks and 1 valid
4.9401 	DEBUG 	TextBox2 loaded 1 chars with 0 blanks and 1 valid
4.9409 	DEBUG 	TextBox2 loaded 1 chars with 0 blanks and 1 valid
4.9419 	DEBUG 	TextBox2 loaded 1 chars with 0 blanks and 1 valid
4.9429 	DEBUG 	TextBox2 loaded 1 chars with 0 blanks and 1 valid
4.9437 	DEBUG 	TextBox2 loaded 1 chars with 0 blanks and 1 valid
4.9443 	DEBUG 	TextBox2 loaded 1 chars with 0 blanks and 1 valid
4.9452 	DEBUG 	TextBox2 loaded 1 chars with 0 blanks and 1 valid
4.9460 	DEBUG 	TextBox2 loaded 1 chars with 0 blanks and 1 valid
4.9468 	DEBUG 	TextBox2 loaded 1 chars with 0 blanks and 1 valid
4.9478 	DEBUG 	TextBox2 loaded 1 chars with 0 blanks and 1 valid
4.9486 	DEBUG 	TextBox2 loaded 1 chars with 0 blanks and 1 valid
4.9495 	DEBUG 	TextBox2 loaded 1 chars with 0 blanks and 1 valid
4.9503 	DEBUG 	TextBox2 loaded 1 chars with 0 blanks and 1 valid
4.9509 	DEBUG 	TextBox2 loaded 1 chars with 0 blanks and 1 valid
4.9516 	DEBUG 	TextBox2 loaded 1 chars with 0 blanks and 1 valid
4.9525 	DEBUG 	TextBox2 loaded 1 chars with 0 blanks and 1 valid
4.9532 	DEBUG 	TextBox2 loaded 1 chars with 0 blanks and 1 valid
4.9534 	DEBUG 	Uploading Texture Font fontname to graphics card
4.9573 	DEBUG 	Upload of Texture Font fontname complete
4.9584 	EXP 	window1: mouseVisible = <method-wrapper '__getattribute__' of attributeSetter object at 0x0000017CC1C5D790>
4.9585 	EXP 	window1: mouseVisible = <method-wrapper '__getattribute__' of attributeSetter object at 0x0000017CC1C5D790>
4.9589 	EXP 	window1: mouseVisible = <method-wrapper '__getattribute__' of attributeSetter object at 0x0000017CC1C5D790>
4.9593 	EXP 	window1: mouseVisible = <method-wrapper '__getattribute__' of attributeSetter object at 0x0000017CC1C5D790>
4.9633 	DEBUG 	TextBox2 loaded 1 chars with 0 blanks and 1 valid
4.9648 	DEBUG 	TextBox2 loaded 1 chars with 0 blanks and 1 valid
4.9658 	DEBUG 	TextBox2 loaded 1 chars with 0 blanks and 1 valid
4.9661 	DEBUG 	Uploading Texture Font fontname to graphics card
4.9691 	DEBUG 	Upload of Texture Font fontname complete
4.9705 	EXP 	window1: Attempting to measure frame rate of screen (0) ...
4.9705 	EXP 	window1: recordFrameIntervals = False
5.0780 	EXP 	window1: recordFrameIntervals = True
5.1867 	EXP 	Screen (0) actual frame rate measured at 143.45Hz
5.1867 	EXP 	window1: recordFrameIntervals = False
5.1868 	EXP 	window1: mouseVisible = False
5.1870 	EXP 	window1: mouseVisible = False
5.1871 	EXP 	window1: mouseVisible = False
5.1875 	EXP 	window1: mouseVisible = False
5.1878 	EXP 	window1: mouseVisible = False
5.1909 	DEBUG 	TextBox2 loaded 1 chars with 0 blanks and 1 valid
5.1916 	DEBUG 	TextBox2 loaded 1 chars with 0 blanks and 1 valid
5.1926 	DEBUG 	TextBox2 loaded 1 chars with 0 blanks and 1 valid
5.1936 	DEBUG 	TextBox2 loaded 1 chars with 0 blanks and 1 valid
5.1946 	DEBUG 	TextBox2 loaded 1 chars with 0 blanks and 1 valid
5.1957 	DEBUG 	TextBox2 loaded 1 chars with 0 blanks and 1 valid
5.1964 	DEBUG 	TextBox2 loaded 1 chars with 0 blanks and 1 valid
5.1973 	DEBUG 	TextBox2 loaded 1 chars with 0 blanks and 1 valid
5.1983 	DEBUG 	TextBox2 loaded 1 chars with 0 blanks and 1 valid
5.1992 	DEBUG 	TextBox2 loaded 1 chars with 0 blanks and 1 valid
5.1995 	DEBUG 	Uploading Texture Font fontname to graphics card
5.1999 	DEBUG 	Upload of Texture Font fontname complete
5.2009 	EXP 	window1: mouseVisible = False
5.2010 	EXP 	window1: mouseVisible = False
5.2014 	EXP 	window1: mouseVisible = False
5.2017 	EXP 	window1: mouseVisible = False
5.2157 	WARNING 	launchHubServer: If using the iohub mouse or eyetracker devices, fullScr should be True.
7.4381 	INFO 	keyboard.Keyboard is using iohub backend.
7.4382 	INFO 	keyboard.Keyboard is using iohub backend.
7.4382 	INFO 	keyboard.Keyboard is using iohub backend.
7.4382 	INFO 	keyboard.Keyboard is using iohub backend.
7.4382 	EXP 	untitled: status = STARTED
7.4384 	EXP 	window1: mouseVisible = False
7.4729 	EXP 	Created intro1 = TextStim(__class__=<class 'psychopy.visual.text.TextStim'>, alignHoriz=method-wrapper(...), alignText='center', alignVert=method-wrapper(...), anchorHoriz='center', anchorVert='center', antialias=True, autoDraw=False, autoLog=True, bold=False, color=array([-1., -1., -1.]), colorSpace='rgb', contrast=1.0, depth=0.0, draggable=False, flipHoriz=False, flipVert=False, font='Arial', fontFiles=[], height=0.05, italic=False, languageStyle='LTR', name='intro1', opacity=1.0, ori=0.0, pos=array([0., 0.]), rgb=UNKNOWN, text='你好，欢迎参加实验！\n请按空格继续。', units='height', win=Window(...), wrapWidth=1)
7.4729 	EXP 	window1: mouseVisible = False
7.4937 	EXP 	Created text = TextStim(__class__=<class 'psychopy.visual.text.TextStim'>, alignHoriz=method-wrapper(...), alignText='center', alignVert=method-wrapper(...), anchorHoriz='center', anchorVert='center', antialias=True, autoDraw=False, autoLog=True, bold=False, color=array([-1., -1., -1.]), colorSpace='rgb', contrast=1.0, depth=-1.0, draggable=False, flipHoriz=False, flipVert=False, font='Arial', fontFiles=[], height=0.05, italic=False, languageStyle='LTR', name='text', opacity=1.0, ori=0.0, pos=array([0., 0.]), rgb=UNKNOWN, text=str(...), units='height', win=Window(...), wrapWidth=1)
7.4938 	EXP 	window1: mouseVisible = False
7.4948 	EXP 	Created polygon_4 = ShapeStim(__class__=<class 'psychopy.visual.shape.ShapeStim'>, anchor=('center', 'center'), autoDraw=False, autoLog=True, closeShape=True, color=method-wrapper(...), colorSpace='rgb', contrast=None, depth=-1.0, draggable=False, fillColor=array([-1., -1., -1.]), fillColorSpace='rgb', fillRGB=array([-1., -1., -1.]), interpolate=True, lineColor=array([-1., -1., -1.]), lineColorSpace='rgb', lineRGB=array([-1., -1., -1.]), lineWidth=1.0, name='polygon_4', opacity=1.0, ori=0.0, pos=array([0., 0.]), size=array([0.05, 0.05]), units='height', vertices=ndarray(...), win=Window(...), windingRule=None)
7.4949 	EXP 	window1: mouseVisible = False
7.4958 	EXP 	Created text_2 = TextStim(__class__=<class 'psychopy.visual.text.TextStim'>, alignHoriz=method-wrapper(...), alignText='center', alignVert=method-wrapper(...), anchorHoriz='center', anchorVert='center', antialias=True, autoDraw=False, autoLog=True, bold=False, color=array([1., 1., 1.]), colorSpace='rgb', contrast=1.0, depth=0.0, draggable=False, flipHoriz=False, flipVert=False, font='Arial', fontFiles=[], height=0.05, italic=False, languageStyle='LTR', name='text_2', opacity=1.0, ori=0.0, pos=array([0., 0.]), rgb=UNKNOWN, text='', units='height', win=Window(...), wrapWidth=1)
7.4959 	EXP 	window1: mouseVisible = False
7.4978 	EXP 	Created polygon = ShapeStim(__class__=<class 'psychopy.visual.shape.ShapeStim'>, anchor=('center', 'center'), autoDraw=False, autoLog=True, closeShape=True, color=method-wrapper(...), colorSpace='rgb', contrast=None, depth=0.0, draggable=False, fillColor=array([1, 1, 1]), fillColorSpace='rgb', fillRGB=array([1, 1, 1]), interpolate=True, lineColor=array([1., 1., 1.]), lineColorSpace='rgb', lineRGB=array([1, 1, 1]), lineWidth=1.0, name='polygon', opacity=1.0, ori=0.0, pos=array([0., 0.]), size=array([0.1, 0.1]), units='height', vertices=ndarray(...), win=Window(...), windingRule=None)
0.0467 	INFO 	Keyboard events cleared
0.0463 	EXP 	intro1: autoDraw = True
2.3706 	INFO 	Keyboard events cleared
2.3703 	EXP 	intro1: autoDraw = False
2.3703 	EXP 	text: autoDraw = True
2.7231 	DEBUG 	Read excel file with openpyxl: text.xlsx
2.7236 	EXP 	Imported text.xlsx as conditions, 10 conditions, 3 params
2.7239 	EXP 	Created sequence: random, trialTypes=10, nReps=1, seed=None
2.7241 	EXP 	New trial (rep=0, index=0): {'circle_color': 'red', 'answer_correct': 'j', 'need_action': 1}
2.7292 	EXP 	text: autoDraw = False
2.7292 	EXP 	polygon_4: autoDraw = True
6.7238 	EXP 	polygon_4: autoDraw = False
6.7238 	EXP 	polygon_4: autoDraw = False
6.7238 	EXP 	text_2: autoDraw = True
7.1285 	INFO 	Keyboard events cleared
7.1282 	EXP 	text_2: autoDraw = False
7.1282 	EXP 	text_2: autoDraw = False
7.1282 	EXP 	polygon: fillColor = <psychopy.colors.Color: red, alpha=1.0>
7.1282 	EXP 	polygon: borderColor = <psychopy.colors.Color: red, alpha=1.0>
7.1282 	EXP 	polygon: autoDraw = True
10.1149 	EXP 	New trial (rep=0, index=1): {'circle_color': 'red', 'answer_correct': 'j', 'need_action': 1}
10.1197 	EXP 	polygon: autoDraw = False
10.1197 	EXP 	polygon: autoDraw = False
10.1197 	EXP 	polygon_4: autoDraw = True
12.1119 	EXP 	polygon_4: autoDraw = False
12.1119 	EXP 	polygon_4: autoDraw = False
12.1119 	EXP 	text_2: autoDraw = True
12.5078 	INFO 	Keyboard events cleared
12.5076 	EXP 	text_2: autoDraw = False
12.5076 	EXP 	text_2: autoDraw = False
12.5076 	EXP 	polygon: fillColor = <psychopy.colors.Color: red, alpha=1.0>
12.5076 	EXP 	polygon: borderColor = <psychopy.colors.Color: red, alpha=1.0>
12.5076 	EXP 	polygon: autoDraw = True
13.1015 	EXP 	New trial (rep=0, index=2): {'circle_color': 'red', 'answer_correct': 'j', 'need_action': 1}
13.1087 	EXP 	polygon: autoDraw = False
13.1087 	EXP 	polygon_4: autoDraw = True
15.1048 	EXP 	polygon_4: autoDraw = False
15.1048 	EXP 	polygon_4: autoDraw = False
15.1048 	EXP 	text_2: autoDraw = True
15.4939 	INFO 	Keyboard events cleared
15.4937 	EXP 	text_2: autoDraw = False
15.4937 	EXP 	text_2: autoDraw = False
15.4937 	EXP 	polygon: fillColor = <psychopy.colors.Color: red, alpha=1.0>
15.4937 	EXP 	polygon: borderColor = <psychopy.colors.Color: red, alpha=1.0>
15.4937 	EXP 	polygon: autoDraw = True
15.8223 	EXP 	New trial (rep=0, index=3): {'circle_color': 'blue', 'answer_correct': 'f', 'need_action': 0}
15.8325 	EXP 	polygon: autoDraw = False
15.8325 	EXP 	polygon_4: autoDraw = True
19.8270 	EXP 	polygon_4: autoDraw = False
19.8270 	EXP 	polygon_4: autoDraw = False
19.8270 	EXP 	text_2: autoDraw = True
20.2230 	INFO 	Keyboard events cleared
20.2228 	EXP 	text_2: autoDraw = False
20.2228 	EXP 	text_2: autoDraw = False
20.2228 	EXP 	polygon: fillColor = <psychopy.colors.Color: blue, alpha=1.0>
20.2228 	EXP 	polygon: borderColor = <psychopy.colors.Color: blue, alpha=1.0>
20.2228 	EXP 	polygon: autoDraw = True
20.5444 	EXP 	New trial (rep=0, index=4): {'circle_color': 'blue', 'answer_correct': 'f', 'need_action': 0}
20.5534 	EXP 	polygon: autoDraw = False
20.5534 	EXP 	polygon_4: autoDraw = True
22.5494 	EXP 	polygon_4: autoDraw = False
22.5494 	EXP 	polygon_4: autoDraw = False
22.5494 	EXP 	text_2: autoDraw = True
22.9451 	INFO 	Keyboard events cleared
22.9450 	EXP 	text_2: autoDraw = False
22.9450 	EXP 	text_2: autoDraw = False
22.9450 	EXP 	polygon: fillColor = <psychopy.colors.Color: blue, alpha=1.0>
22.9450 	EXP 	polygon: borderColor = <psychopy.colors.Color: blue, alpha=1.0>
22.9450 	EXP 	polygon: autoDraw = True
24.3504 	EXP 	untitled: status = STOPPED
24.3554 	EXP 	polygon: autoDraw = False
24.3567 	EXP 	untitled: status = STOPPED
24.3591 	INFO 	saved data to 'C:\\Users\\Administrator\\Desktop\\李城林\\ABC_Reaction\\data/863564_untitled_2024-10-21_21h01.41.826.csv'
24.3600 	INFO 	saved data to C:\Users\Administrator\Desktop\李城林\ABC_Reaction\data/863564_untitled_2024-10-21_21h01.41.826.psydat
24.3812 	EXP 	window1: mouseVisible = True
24.9527 	DEBUG 	Saving data for untitled ExperimentHandler
