5.0907 	DEBUG 	Fullscreen settings ignored as running in pilot mode.
5.0914 	INFO 	Loaded monitor calibration from ['2024_07_12 13:09']
5.2387 	EXP 	Created window1 = Window(allowGUI=True, allowStencil=False, autoLog=True, backendConf=UNKNOWN, backgroundFit=<method-wrapper '__getattribute__' of attributeSetter object at 0x000001E5BEBFFFA0>, backgroundImage=<method-wrapper '__getattribute__' of attributeSetter object at 0x000001E5BEBFFF40>, bitsMode=UNKNOWN, blendMode='avg', bpc=(8, 8, 8), color=array([0, 0, 0]), colorSpace='rgb', depthBits=8, fullscr=<method-wrapper '__getattribute__' of attributeSetter object at 0x000001E5BEBFFD90>, gamma=None, gammaErrorPolicy='raise', infoMsg=UNKNOWN, lms=UNKNOWN, monitor=<psychopy.monitors.calibTools.Monitor object at 0x000001E5BEFD1EE0>, multiSample=False, name='window1', numSamples=2, pos=[560.0, 240.0], screen=0, size=array([800, 600]), stencilBits=0, stereo=False, title='PsychoPy', units='height', useFBO=True, useRetina=False, viewOri=0.0, viewPos=None, viewScale=None, waitBlanking=True, winType='pyglet')
5.2388 	EXP 	window1: backgroundImage = ''
5.2388 	EXP 	window1: backgroundFit = 'none'
5.2390 	EXP 	window1: mouseVisible = <method-wrapper '__getattribute__' of attributeSetter object at 0x000001E5BEC06100>
5.2391 	EXP 	window1: mouseVisible = <method-wrapper '__getattribute__' of attributeSetter object at 0x000001E5BEC06100>
5.2406 	EXP 	window1: mouseVisible = <method-wrapper '__getattribute__' of attributeSetter object at 0x000001E5BEC06100>
5.2410 	EXP 	window1: mouseVisible = <method-wrapper '__getattribute__' of attributeSetter object at 0x000001E5BEC06100>
5.2449 	DEBUG 	TextBox2 loaded 1 chars with 0 blanks and 1 valid
5.2458 	DEBUG 	TextBox2 loaded 1 chars with 0 blanks and 1 valid
5.2467 	DEBUG 	TextBox2 loaded 1 chars with 0 blanks and 1 valid
5.2478 	DEBUG 	TextBox2 loaded 1 chars with 0 blanks and 1 valid
5.2489 	DEBUG 	TextBox2 loaded 1 chars with 0 blanks and 1 valid
5.2496 	DEBUG 	TextBox2 loaded 1 chars with 0 blanks and 1 valid
5.2504 	DEBUG 	TextBox2 loaded 1 chars with 0 blanks and 1 valid
5.2515 	DEBUG 	TextBox2 loaded 1 chars with 0 blanks and 1 valid
5.2522 	DEBUG 	TextBox2 loaded 1 chars with 0 blanks and 1 valid
5.2530 	DEBUG 	TextBox2 loaded 1 chars with 0 blanks and 1 valid
5.2540 	DEBUG 	TextBox2 loaded 1 chars with 0 blanks and 1 valid
5.2549 	DEBUG 	TextBox2 loaded 1 chars with 0 blanks and 1 valid
5.2558 	DEBUG 	TextBox2 loaded 1 chars with 0 blanks and 1 valid
5.2566 	DEBUG 	TextBox2 loaded 1 chars with 0 blanks and 1 valid
5.2574 	DEBUG 	TextBox2 loaded 1 chars with 0 blanks and 1 valid
5.2582 	DEBUG 	TextBox2 loaded 1 chars with 0 blanks and 1 valid
5.2591 	DEBUG 	TextBox2 loaded 1 chars with 0 blanks and 1 valid
5.2598 	DEBUG 	TextBox2 loaded 1 chars with 0 blanks and 1 valid
5.2605 	DEBUG 	TextBox2 loaded 1 chars with 0 blanks and 1 valid
5.2616 	DEBUG 	TextBox2 loaded 1 chars with 0 blanks and 1 valid
5.2624 	DEBUG 	TextBox2 loaded 1 chars with 0 blanks and 1 valid
5.2626 	DEBUG 	Uploading Texture Font fontname to graphics card
5.2667 	DEBUG 	Upload of Texture Font fontname complete
5.2681 	EXP 	window1: mouseVisible = <method-wrapper '__getattribute__' of attributeSetter object at 0x000001E5BEC06100>
5.2682 	EXP 	window1: mouseVisible = <method-wrapper '__getattribute__' of attributeSetter object at 0x000001E5BEC06100>
5.2689 	EXP 	window1: mouseVisible = <method-wrapper '__getattribute__' of attributeSetter object at 0x000001E5BEC06100>
5.2693 	EXP 	window1: mouseVisible = <method-wrapper '__getattribute__' of attributeSetter object at 0x000001E5BEC06100>
5.2738 	DEBUG 	TextBox2 loaded 1 chars with 0 blanks and 1 valid
5.2750 	DEBUG 	TextBox2 loaded 1 chars with 0 blanks and 1 valid
5.2761 	DEBUG 	TextBox2 loaded 1 chars with 0 blanks and 1 valid
5.2763 	DEBUG 	Uploading Texture Font fontname to graphics card
5.2790 	DEBUG 	Upload of Texture Font fontname complete
5.2804 	EXP 	window1: Attempting to measure frame rate of screen (0) ...
5.2804 	EXP 	window1: recordFrameIntervals = False
5.3708 	EXP 	window1: recordFrameIntervals = True
5.4723 	EXP 	Screen (0) actual frame rate measured at 144.80Hz
5.4723 	EXP 	window1: recordFrameIntervals = False
5.4724 	EXP 	window1: mouseVisible = False
5.4727 	EXP 	window1: mouseVisible = False
5.4728 	EXP 	window1: mouseVisible = False
5.4733 	EXP 	window1: mouseVisible = False
5.4736 	EXP 	window1: mouseVisible = False
5.4770 	DEBUG 	TextBox2 loaded 1 chars with 0 blanks and 1 valid
5.4779 	DEBUG 	TextBox2 loaded 1 chars with 0 blanks and 1 valid
5.4788 	DEBUG 	TextBox2 loaded 1 chars with 0 blanks and 1 valid
5.4798 	DEBUG 	TextBox2 loaded 1 chars with 0 blanks and 1 valid
5.4807 	DEBUG 	TextBox2 loaded 1 chars with 0 blanks and 1 valid
5.4817 	DEBUG 	TextBox2 loaded 1 chars with 0 blanks and 1 valid
5.4823 	DEBUG 	TextBox2 loaded 1 chars with 0 blanks and 1 valid
5.4835 	DEBUG 	TextBox2 loaded 1 chars with 0 blanks and 1 valid
5.4847 	DEBUG 	TextBox2 loaded 1 chars with 0 blanks and 1 valid
5.4859 	DEBUG 	TextBox2 loaded 1 chars with 0 blanks and 1 valid
5.4862 	DEBUG 	Uploading Texture Font fontname to graphics card
5.4867 	DEBUG 	Upload of Texture Font fontname complete
5.4880 	EXP 	window1: mouseVisible = False
5.4881 	EXP 	window1: mouseVisible = False
5.4885 	EXP 	window1: mouseVisible = False
5.4888 	EXP 	window1: mouseVisible = False
5.5039 	WARNING 	launchHubServer: If using the iohub mouse or eyetracker devices, fullScr should be True.
7.9397 	INFO 	keyboard.Keyboard is using iohub backend.
7.9397 	INFO 	keyboard.Keyboard is using iohub backend.
7.9397 	INFO 	keyboard.Keyboard is using iohub backend.
7.9397 	INFO 	keyboard.Keyboard is using iohub backend.
7.9398 	INFO 	keyboard.Keyboard is using iohub backend.
7.9398 	EXP 	untitled: status = STARTED
7.9399 	EXP 	window1: mouseVisible = False
7.9743 	EXP 	Created intro1 = TextStim(__class__=<class 'psychopy.visual.text.TextStim'>, alignHoriz=method-wrapper(...), alignText='center', alignVert=method-wrapper(...), anchorHoriz='center', anchorVert='center', antialias=True, autoDraw=False, autoLog=True, bold=False, color=array([-1., -1., -1.]), colorSpace='rgb', contrast=1.0, depth=0.0, draggable=False, flipHoriz=False, flipVert=False, font='Arial', fontFiles=[], height=0.05, italic=False, languageStyle='LTR', name='intro1', opacity=1.0, ori=0.0, pos=array([0., 0.]), rgb=UNKNOWN, text='你好，欢迎参加实验！\n请按空格继续。', units='height', win=Window(...), wrapWidth=1)
7.9744 	EXP 	window1: mouseVisible = False
7.9754 	EXP 	Created polygon_5 = ShapeStim(__class__=<class 'psychopy.visual.shape.ShapeStim'>, anchor=('center', 'center'), autoDraw=False, autoLog=True, closeShape=True, color=method-wrapper(...), colorSpace='rgb', contrast=None, depth=-1.0, draggable=False, fillColor=array([-1., -1., -1.]), fillColorSpace='rgb', fillRGB=array([-1., -1., -1.]), interpolate=True, lineColor=array([-1., -1., -1.]), lineColorSpace='rgb', lineRGB=array([-1., -1., -1.]), lineWidth=1.0, name='polygon_5', opacity=1.0, ori=0.0, pos=array([0., 0.]), size=array([0.05, 0.05]), units='height', vertices=ndarray(...), win=Window(...), windingRule=None)
7.9755 	EXP 	window1: mouseVisible = False
7.9923 	EXP 	Created text_7 = TextStim(__class__=<class 'psychopy.visual.text.TextStim'>, alignHoriz=method-wrapper(...), alignText='center', alignVert=method-wrapper(...), anchorHoriz='center', anchorVert='center', antialias=True, autoDraw=False, autoLog=True, bold=False, color=array([-1., -1., -1.]), colorSpace='rgb', contrast=1.0, depth=-1.0, draggable=False, flipHoriz=False, flipVert=False, font='Arial', fontFiles=[], height=0.05, italic=False, languageStyle='LTR', name='text_7', opacity=1.0, ori=0.0, pos=array([0., 0.]), rgb=UNKNOWN, text=str(...), units='height', win=Window(...), wrapWidth=1)
7.9923 	EXP 	window1: mouseVisible = False
7.9933 	EXP 	Created polygon_6 = ShapeStim(__class__=<class 'psychopy.visual.shape.ShapeStim'>, anchor=('center', 'center'), autoDraw=False, autoLog=True, closeShape=True, color=method-wrapper(...), colorSpace='rgb', contrast=None, depth=-1.0, draggable=False, fillColor=array([-1., -1., -1.]), fillColorSpace='rgb', fillRGB=array([-1., -1., -1.]), interpolate=True, lineColor=array([-1., -1., -1.]), lineColorSpace='rgb', lineRGB=array([-1., -1., -1.]), lineWidth=1.0, name='polygon_6', opacity=1.0, ori=0.0, pos=array([0., 0.]), size=array([0.05, 0.05]), units='height', vertices=ndarray(...), win=Window(...), windingRule=None)
7.9933 	EXP 	window1: mouseVisible = False
7.9941 	EXP 	Created text_8 = TextStim(__class__=<class 'psychopy.visual.text.TextStim'>, alignHoriz=method-wrapper(...), alignText='center', alignVert=method-wrapper(...), anchorHoriz='center', anchorVert='center', antialias=True, autoDraw=False, autoLog=True, bold=False, color=array([1., 1., 1.]), colorSpace='rgb', contrast=1.0, depth=0.0, draggable=False, flipHoriz=False, flipVert=False, font='Arial', fontFiles=[], height=0.05, italic=False, languageStyle='LTR', name='text_8', opacity=1.0, ori=0.0, pos=array([0., 0.]), rgb=UNKNOWN, text='', units='height', win=Window(...), wrapWidth=1)
7.9942 	EXP 	window1: mouseVisible = False
7.9962 	EXP 	Created polygon_3 = ShapeStim(__class__=<class 'psychopy.visual.shape.ShapeStim'>, anchor=('center', 'center'), autoDraw=False, autoLog=True, closeShape=True, color=method-wrapper(...), colorSpace='rgb', contrast=None, depth=0.0, draggable=False, fillColor=array([1, 1, 1]), fillColorSpace='rgb', fillRGB=array([1, 1, 1]), interpolate=True, lineColor=array([1., 1., 1.]), lineColorSpace='rgb', lineRGB=array([1, 1, 1]), lineWidth=1.0, name='polygon_3', opacity=1.0, ori=0.0, pos=array([0., 0.]), size=array([0.1, 0.1]), units='height', vertices=ndarray(...), win=Window(...), windingRule=None)
7.9963 	EXP 	window1: mouseVisible = False
7.9971 	EXP 	Created text_9 = TextStim(__class__=<class 'psychopy.visual.text.TextStim'>, alignHoriz=method-wrapper(...), alignText='center', alignVert=method-wrapper(...), anchorHoriz='center', anchorVert='center', antialias=True, autoDraw=False, autoLog=True, bold=False, color=array([1., 1., 1.]), colorSpace='rgb', contrast=1.0, depth=-1.0, draggable=False, flipHoriz=False, flipVert=False, font='Arial', fontFiles=[], height=0.05, italic=False, languageStyle='LTR', name='text_9', opacity=1.0, ori=0.0, pos=array([0., 0.]), rgb=UNKNOWN, text='', units='height', win=Window(...), wrapWidth=1)
0.0481 	INFO 	Keyboard events cleared
0.0477 	EXP 	intro1: autoDraw = True
2.5367 	DATA 	Mouse: Left button down, pos=(591,342)
2.6379 	DATA 	Mouse:  Left button up, pos=(591,342)
3.2378 	DEBUG 	Read excel file with openpyxl: text.xlsx
3.2381 	EXP 	Imported text.xlsx as conditions, 10 conditions, 3 params
3.2384 	EXP 	Created sequence: random, trialTypes=10, nReps=1, seed=None
3.2385 	EXP 	New trial (rep=0, index=0): {'circle_color': 'blue', 'answer_correct': 'f', 'need_action': 0}
3.2390 	EXP 	New trial (rep=0, index=1): {'circle_color': 'blue', 'answer_correct': 'f', 'need_action': 0}
3.2394 	EXP 	New trial (rep=0, index=2): {'circle_color': 'red', 'answer_correct': 'j', 'need_action': 1}
3.2397 	EXP 	New trial (rep=0, index=3): {'circle_color': 'blue', 'answer_correct': 'f', 'need_action': 0}
3.2400 	EXP 	New trial (rep=0, index=4): {'circle_color': 'red', 'answer_correct': 'j', 'need_action': 1}
3.2403 	EXP 	New trial (rep=0, index=5): {'circle_color': 'blue', 'answer_correct': 'f', 'need_action': 0}
3.2408 	EXP 	New trial (rep=0, index=6): {'circle_color': 'red', 'answer_correct': 'j', 'need_action': 1}
3.2411 	EXP 	New trial (rep=0, index=7): {'circle_color': 'red', 'answer_correct': 'j', 'need_action': 1}
3.2416 	EXP 	New trial (rep=0, index=8): {'circle_color': 'blue', 'answer_correct': 'f', 'need_action': 0}
3.2420 	EXP 	New trial (rep=0, index=9): {'circle_color': 'red', 'answer_correct': 'j', 'need_action': 1}
3.2507 	DEBUG 	Read excel file with openpyxl: text.xlsx
3.2510 	EXP 	Imported text.xlsx as conditions, 10 conditions, 3 params
3.2512 	EXP 	Created sequence: random, trialTypes=10, nReps=1, seed=None
3.2513 	EXP 	New trial (rep=0, index=0): {'circle_color': 'red', 'answer_correct': 'j', 'need_action': 1}
3.2581 	EXP 	intro1: autoDraw = False
3.2581 	EXP 	polygon_5: autoDraw = True
3.2600 	DATA 	Keypress: space
6.2466 	EXP 	New trial (rep=0, index=1): {'circle_color': 'blue', 'answer_correct': 'f', 'need_action': 0}
6.2519 	EXP 	polygon_5: autoDraw = False
6.2519 	EXP 	polygon_5: autoDraw = False
6.2519 	EXP 	polygon_5: autoDraw = True
6.6009 	DATA 	Keypress: escape
6.6701 	EXP 	untitled: status = STOPPED
6.6757 	EXP 	polygon_5: autoDraw = False
6.6770 	EXP 	untitled: status = STOPPED
6.6791 	INFO 	saved data to 'C:\\Users\\Administrator\\Desktop\\李城林\\ABC_Reaction\\data/872338_untitled_2024-10-21_21h39.11.260.csv'
6.6797 	INFO 	saved data to C:\Users\Administrator\Desktop\李城林\ABC_Reaction\data/872338_untitled_2024-10-21_21h39.11.260.psydat
6.7100 	EXP 	window1: mouseVisible = True
6.8989 	DEBUG 	Saving data for untitled ExperimentHandler
