4.2314 	DEBUG 	Fullscreen settings ignored as running in pilot mode.
4.2321 	INFO 	Loaded monitor calibration from ['2024_07_12 13:09']
4.3769 	EXP 	Created window1 = Window(allowGUI=True, allowStencil=False, autoLog=True, backendConf=UNKNOWN, backgroundFit=<method-wrapper '__getattribute__' of attributeSetter object at 0x000001EEDF67FE80>, backgroundImage=<method-wrapper '__getattribute__' of attributeSetter object at 0x000001EEDF67FE20>, bitsMode=UNKNOWN, blendMode='avg', bpc=(8, 8, 8), color=array([0, 0, 0]), colorSpace='rgb', depthBits=8, fullscr=<method-wrapper '__getattribute__' of attributeSetter object at 0x000001EEDF67FC70>, gamma=None, gammaErrorPolicy='raise', infoMsg=UNKNOWN, lms=UNKNOWN, monitor=<psychopy.monitors.calibTools.Monitor object at 0x000001EEDFA53DC0>, multiSample=False, name='window1', numSamples=2, pos=[560.0, 240.0], screen=0, size=array([800, 600]), stencilBits=0, stereo=False, title='PsychoPy', units='height', useFBO=True, useRetina=False, viewOri=0.0, viewPos=None, viewScale=None, waitBlanking=True, winType='pyglet')
4.3769 	EXP 	window1: backgroundImage = ''
4.3769 	EXP 	window1: backgroundFit = 'none'
4.3771 	EXP 	window1: mouseVisible = <method-wrapper '__getattribute__' of attributeSetter object at 0x000001EEDF67FFA0>
4.3772 	EXP 	window1: mouseVisible = <method-wrapper '__getattribute__' of attributeSetter object at 0x000001EEDF67FFA0>
4.3787 	EXP 	window1: mouseVisible = <method-wrapper '__getattribute__' of attributeSetter object at 0x000001EEDF67FFA0>
4.3791 	EXP 	window1: mouseVisible = <method-wrapper '__getattribute__' of attributeSetter object at 0x000001EEDF67FFA0>
4.3835 	DEBUG 	TextBox2 loaded 1 chars with 0 blanks and 1 valid
4.3843 	DEBUG 	TextBox2 loaded 1 chars with 0 blanks and 1 valid
4.3853 	DEBUG 	TextBox2 loaded 1 chars with 0 blanks and 1 valid
4.3863 	DEBUG 	TextBox2 loaded 1 chars with 0 blanks and 1 valid
4.3872 	DEBUG 	TextBox2 loaded 1 chars with 0 blanks and 1 valid
4.3878 	DEBUG 	TextBox2 loaded 1 chars with 0 blanks and 1 valid
4.3886 	DEBUG 	TextBox2 loaded 1 chars with 0 blanks and 1 valid
4.3896 	DEBUG 	TextBox2 loaded 1 chars with 0 blanks and 1 valid
4.3902 	DEBUG 	TextBox2 loaded 1 chars with 0 blanks and 1 valid
4.3907 	DEBUG 	TextBox2 loaded 1 chars with 0 blanks and 1 valid
4.3915 	DEBUG 	TextBox2 loaded 1 chars with 0 blanks and 1 valid
4.3927 	DEBUG 	TextBox2 loaded 1 chars with 0 blanks and 1 valid
4.3938 	DEBUG 	TextBox2 loaded 1 chars with 0 blanks and 1 valid
4.3948 	DEBUG 	TextBox2 loaded 1 chars with 0 blanks and 1 valid
4.3956 	DEBUG 	TextBox2 loaded 1 chars with 0 blanks and 1 valid
4.3964 	DEBUG 	TextBox2 loaded 1 chars with 0 blanks and 1 valid
4.3972 	DEBUG 	TextBox2 loaded 1 chars with 0 blanks and 1 valid
4.3978 	DEBUG 	TextBox2 loaded 1 chars with 0 blanks and 1 valid
4.3984 	DEBUG 	TextBox2 loaded 1 chars with 0 blanks and 1 valid
4.3995 	DEBUG 	TextBox2 loaded 1 chars with 0 blanks and 1 valid
4.4003 	DEBUG 	TextBox2 loaded 1 chars with 0 blanks and 1 valid
4.4006 	DEBUG 	Uploading Texture Font fontname to graphics card
4.4051 	DEBUG 	Upload of Texture Font fontname complete
4.4063 	EXP 	window1: mouseVisible = <method-wrapper '__getattribute__' of attributeSetter object at 0x000001EEDF67FFA0>
4.4064 	EXP 	window1: mouseVisible = <method-wrapper '__getattribute__' of attributeSetter object at 0x000001EEDF67FFA0>
4.4068 	EXP 	window1: mouseVisible = <method-wrapper '__getattribute__' of attributeSetter object at 0x000001EEDF67FFA0>
4.4071 	EXP 	window1: mouseVisible = <method-wrapper '__getattribute__' of attributeSetter object at 0x000001EEDF67FFA0>
4.4114 	DEBUG 	TextBox2 loaded 1 chars with 0 blanks and 1 valid
4.4125 	DEBUG 	TextBox2 loaded 1 chars with 0 blanks and 1 valid
4.4137 	DEBUG 	TextBox2 loaded 1 chars with 0 blanks and 1 valid
4.4139 	DEBUG 	Uploading Texture Font fontname to graphics card
4.4165 	DEBUG 	Upload of Texture Font fontname complete
4.4178 	EXP 	window1: Attempting to measure frame rate of screen (0) ...
4.4178 	EXP 	window1: recordFrameIntervals = False
4.5081 	EXP 	window1: recordFrameIntervals = True
4.6383 	EXP 	Screen (0) actual frame rate measured at 142.69Hz
4.6383 	EXP 	window1: recordFrameIntervals = False
4.6385 	EXP 	window1: mouseVisible = False
4.6388 	EXP 	window1: mouseVisible = False
4.6389 	EXP 	window1: mouseVisible = False
4.6393 	EXP 	window1: mouseVisible = False
4.6396 	EXP 	window1: mouseVisible = False
4.6428 	DEBUG 	TextBox2 loaded 1 chars with 0 blanks and 1 valid
4.6439 	DEBUG 	TextBox2 loaded 1 chars with 0 blanks and 1 valid
4.6448 	DEBUG 	TextBox2 loaded 1 chars with 0 blanks and 1 valid
4.6459 	DEBUG 	TextBox2 loaded 1 chars with 0 blanks and 1 valid
4.6468 	DEBUG 	TextBox2 loaded 1 chars with 0 blanks and 1 valid
4.6479 	DEBUG 	TextBox2 loaded 1 chars with 0 blanks and 1 valid
4.6485 	DEBUG 	TextBox2 loaded 1 chars with 0 blanks and 1 valid
4.6495 	DEBUG 	TextBox2 loaded 1 chars with 0 blanks and 1 valid
4.6506 	DEBUG 	TextBox2 loaded 1 chars with 0 blanks and 1 valid
4.6515 	DEBUG 	TextBox2 loaded 1 chars with 0 blanks and 1 valid
4.6517 	DEBUG 	Uploading Texture Font fontname to graphics card
4.6521 	DEBUG 	Upload of Texture Font fontname complete
4.6531 	EXP 	window1: mouseVisible = False
4.6532 	EXP 	window1: mouseVisible = False
4.6536 	EXP 	window1: mouseVisible = False
4.6539 	EXP 	window1: mouseVisible = False
4.6681 	WARNING 	launchHubServer: If using the iohub mouse or eyetracker devices, fullScr should be True.
6.9982 	INFO 	keyboard.Keyboard is using iohub backend.
6.9982 	INFO 	keyboard.Keyboard is using iohub backend.
6.9983 	INFO 	keyboard.Keyboard is using iohub backend.
6.9983 	INFO 	keyboard.Keyboard is using iohub backend.
6.9983 	INFO 	keyboard.Keyboard is using iohub backend.
6.9983 	EXP 	untitled: status = STARTED
6.9985 	EXP 	window1: mouseVisible = False
7.0344 	EXP 	Created intro1 = TextStim(__class__=<class 'psychopy.visual.text.TextStim'>, alignHoriz=method-wrapper(...), alignText='center', alignVert=method-wrapper(...), anchorHoriz='center', anchorVert='center', antialias=True, autoDraw=False, autoLog=True, bold=False, color=array([-1., -1., -1.]), colorSpace='rgb', contrast=1.0, depth=0.0, draggable=False, flipHoriz=False, flipVert=False, font='Arial', fontFiles=[], height=0.05, italic=False, languageStyle='LTR', name='intro1', opacity=1.0, ori=0.0, pos=array([0., 0.]), rgb=UNKNOWN, text='你好，欢迎参加实验！\n请按空格继续。', units='height', win=Window(...), wrapWidth=1)
7.0345 	EXP 	window1: mouseVisible = False
7.0510 	EXP 	Created text_7 = TextStim(__class__=<class 'psychopy.visual.text.TextStim'>, alignHoriz=method-wrapper(...), alignText='center', alignVert=method-wrapper(...), anchorHoriz='center', anchorVert='center', antialias=True, autoDraw=False, autoLog=True, bold=False, color=array([-1., -1., -1.]), colorSpace='rgb', contrast=1.0, depth=-1.0, draggable=False, flipHoriz=False, flipVert=False, font='Arial', fontFiles=[], height=0.05, italic=False, languageStyle='LTR', name='text_7', opacity=1.0, ori=0.0, pos=array([0., 0.]), rgb=UNKNOWN, text=str(...), units='height', win=Window(...), wrapWidth=1)
7.0511 	EXP 	window1: mouseVisible = False
7.0522 	EXP 	Created polygon_6 = ShapeStim(__class__=<class 'psychopy.visual.shape.ShapeStim'>, anchor=('center', 'center'), autoDraw=False, autoLog=True, closeShape=True, color=method-wrapper(...), colorSpace='rgb', contrast=None, depth=-1.0, draggable=False, fillColor=array([-1., -1., -1.]), fillColorSpace='rgb', fillRGB=array([-1., -1., -1.]), interpolate=True, lineColor=array([-1., -1., -1.]), lineColorSpace='rgb', lineRGB=array([-1., -1., -1.]), lineWidth=1.0, name='polygon_6', opacity=1.0, ori=0.0, pos=array([0., 0.]), size=array([0.05, 0.05]), units='height', vertices=ndarray(...), win=Window(...), windingRule=None)
7.0523 	EXP 	window1: mouseVisible = False
7.0532 	EXP 	Created text_8 = TextStim(__class__=<class 'psychopy.visual.text.TextStim'>, alignHoriz=method-wrapper(...), alignText='center', alignVert=method-wrapper(...), anchorHoriz='center', anchorVert='center', antialias=True, autoDraw=False, autoLog=True, bold=False, color=array([1., 1., 1.]), colorSpace='rgb', contrast=1.0, depth=0.0, draggable=False, flipHoriz=False, flipVert=False, font='Arial', fontFiles=[], height=0.05, italic=False, languageStyle='LTR', name='text_8', opacity=1.0, ori=0.0, pos=array([0., 0.]), rgb=UNKNOWN, text='', units='height', win=Window(...), wrapWidth=1)
7.0532 	EXP 	window1: mouseVisible = False
7.0550 	EXP 	Created polygon_3 = ShapeStim(__class__=<class 'psychopy.visual.shape.ShapeStim'>, anchor=('center', 'center'), autoDraw=False, autoLog=True, closeShape=True, color=method-wrapper(...), colorSpace='rgb', contrast=None, depth=0.0, draggable=False, fillColor=array([1, 1, 1]), fillColorSpace='rgb', fillRGB=array([1, 1, 1]), interpolate=True, lineColor=array([1., 1., 1.]), lineColorSpace='rgb', lineRGB=array([1, 1, 1]), lineWidth=1.0, name='polygon_3', opacity=1.0, ori=0.0, pos=array([0., 0.]), size=array([0.1, 0.1]), units='height', vertices=ndarray(...), win=Window(...), windingRule=None)
7.0551 	EXP 	window1: mouseVisible = False
7.0557 	EXP 	Created text_9 = TextStim(__class__=<class 'psychopy.visual.text.TextStim'>, alignHoriz=method-wrapper(...), alignText='center', alignVert=method-wrapper(...), anchorHoriz='center', anchorVert='center', antialias=True, autoDraw=False, autoLog=True, bold=False, color=array([1., 1., 1.]), colorSpace='rgb', contrast=1.0, depth=-1.0, draggable=False, flipHoriz=False, flipVert=False, font='Arial', fontFiles=[], height=0.05, italic=False, languageStyle='LTR', name='text_9', opacity=1.0, ori=0.0, pos=array([0., 0.]), rgb=UNKNOWN, text='', units='height', win=Window(...), wrapWidth=1)
0.0370 	INFO 	Keyboard events cleared
0.0367 	EXP 	intro1: autoDraw = True
1.8242 	DATA 	Mouse: Left button down, pos=(574,220)
1.8845 	DATA 	Mouse:  Left button up, pos=(574,220)
2.7629 	DEBUG 	Read excel file with openpyxl: text.xlsx
2.7632 	EXP 	Imported text.xlsx as conditions, 10 conditions, 3 params
2.7635 	EXP 	Created sequence: random, trialTypes=10, nReps=1, seed=None
2.7637 	EXP 	New trial (rep=0, index=0): {'circle_color': 'blue', 'answer_correct': 'f', 'need_action': 0}
2.7643 	EXP 	New trial (rep=0, index=1): {'circle_color': 'red', 'answer_correct': 'j', 'need_action': 1}
2.7647 	EXP 	New trial (rep=0, index=2): {'circle_color': 'red', 'answer_correct': 'j', 'need_action': 1}
2.7650 	EXP 	New trial (rep=0, index=3): {'circle_color': 'red', 'answer_correct': 'j', 'need_action': 1}
2.7653 	EXP 	New trial (rep=0, index=4): {'circle_color': 'blue', 'answer_correct': 'f', 'need_action': 0}
2.7657 	EXP 	New trial (rep=0, index=5): {'circle_color': 'red', 'answer_correct': 'j', 'need_action': 1}
2.7660 	EXP 	New trial (rep=0, index=6): {'circle_color': 'red', 'answer_correct': 'j', 'need_action': 1}
2.7663 	EXP 	New trial (rep=0, index=7): {'circle_color': 'blue', 'answer_correct': 'f', 'need_action': 0}
2.7666 	EXP 	New trial (rep=0, index=8): {'circle_color': 'blue', 'answer_correct': 'f', 'need_action': 0}
2.7670 	EXP 	New trial (rep=0, index=9): {'circle_color': 'blue', 'answer_correct': 'f', 'need_action': 0}
2.7766 	DEBUG 	Read excel file with openpyxl: text.xlsx
2.7769 	EXP 	Imported text.xlsx as conditions, 10 conditions, 3 params
2.7771 	EXP 	Created sequence: random, trialTypes=10, nReps=1, seed=None
2.7772 	EXP 	New trial (rep=0, index=0): {'circle_color': 'red', 'answer_correct': 'j', 'need_action': 1}
2.7777 	EXP 	New trial (rep=0, index=1): {'circle_color': 'blue', 'answer_correct': 'f', 'need_action': 0}
2.7780 	EXP 	New trial (rep=0, index=2): {'circle_color': 'red', 'answer_correct': 'j', 'need_action': 1}
2.7783 	EXP 	New trial (rep=0, index=3): {'circle_color': 'blue', 'answer_correct': 'f', 'need_action': 0}
2.7788 	EXP 	New trial (rep=0, index=4): {'circle_color': 'red', 'answer_correct': 'j', 'need_action': 1}
2.7792 	EXP 	New trial (rep=0, index=5): {'circle_color': 'blue', 'answer_correct': 'f', 'need_action': 0}
2.7796 	EXP 	New trial (rep=0, index=6): {'circle_color': 'red', 'answer_correct': 'j', 'need_action': 1}
2.7801 	EXP 	New trial (rep=0, index=7): {'circle_color': 'blue', 'answer_correct': 'f', 'need_action': 0}
2.7805 	EXP 	New trial (rep=0, index=8): {'circle_color': 'blue', 'answer_correct': 'f', 'need_action': 0}
2.7809 	EXP 	New trial (rep=0, index=9): {'circle_color': 'red', 'answer_correct': 'j', 'need_action': 1}
2.7895 	INFO 	Keyboard events cleared
2.7893 	EXP 	intro1: autoDraw = False
2.7893 	EXP 	text_7: autoDraw = True
2.7993 	DATA 	Keypress: space
3.6626 	DEBUG 	Read excel file with openpyxl: text.xlsx
3.6629 	EXP 	Imported text.xlsx as conditions, 10 conditions, 3 params
3.6631 	EXP 	Created sequence: random, trialTypes=10, nReps=1, seed=None
3.6633 	EXP 	New trial (rep=0, index=0): {'circle_color': 'red', 'answer_correct': 'j', 'need_action': 1}
3.6641 	DATA 	Keypress: space
3.6712 	EXP 	text_7: autoDraw = False
3.6712 	EXP 	polygon_6: autoDraw = True
6.6649 	EXP 	polygon_6: autoDraw = False
6.6649 	EXP 	polygon_6: autoDraw = False
6.6649 	EXP 	text_8: autoDraw = True
7.0608 	INFO 	Keyboard events cleared
7.0606 	EXP 	text_8: autoDraw = False
7.0606 	EXP 	text_8: autoDraw = False
7.0606 	EXP 	polygon_3: fillColor = <psychopy.colors.Color: red, alpha=1.0>
7.0606 	EXP 	polygon_3: borderColor = <psychopy.colors.Color: red, alpha=1.0>
7.0606 	EXP 	polygon_3: autoDraw = True
9.7634 	EXP 	window1: mouseVisible = True
9.7657 	DEBUG 	Saving data for untitled ExperimentHandler
9.7670 	INFO 	saved data to C:\Users\Administrator\Desktop\李城林\ABC_Reaction\data/954725_untitled_2024-10-21_21h39.54.608.psydat
9.7687 	INFO 	saved data to 'C:\\Users\\Administrator\\Desktop\\李城林\\ABC_Reaction\\data/954725_untitled_2024-10-21_21h39.54.608.csv'
